<?xml version="1.0" encoding="UTF-8"?>
<!-- Generated by org.testng.reporters.JUnitReportReporter -->
<testsuite hostname="DESKTOP-9RQ8PI1" failures="0" tests="4" name="seleniumTestNG.ParameterOptionalTest" time="25.251" errors="0" timestamp="2021-01-24T13:48:47 NZDT" skipped="0">
  <testcase classname="seleniumTestNG.ParameterOptionalTest" name="setUp" time="14.952"/>
  <system-out/>
  <testcase classname="seleniumTestNG.ParameterOptionalTest" name="verifyLogin" time="6.406"/>
  <system-out/>
  <testcase classname="seleniumTestNG.ParameterOptionalTest" name="verifyLogout" time="2.965"/>
  <system-out/>
  <testcase classname="seleniumTestNG.ParameterOptionalTest" name="tearDown" time="0.928"/>
  <system-out/>
</testsuite> <!-- seleniumTestNG.ParameterOptionalTest -->
