<?xml version="1.0" encoding="UTF-8"?>
<!-- Generated by org.testng.reporters.JUnitReportReporter -->
<testsuite hostname="DESKTOP-9RQ8PI1" failures="0" tests="3" name="seleniumTestNG.ParameterSuiteLevel" time="0.012" errors="0" timestamp="2021-01-24T13:55:46 NZDT" skipped="0">
  <testcase classname="seleniumTestNG.ParameterSuiteLevel" name="prameterTestThree" time="0.002"/>
  <system-out/>
  <testcase classname="seleniumTestNG.ParameterSuiteLevel" name="prameterTestTwo" time="0.001"/>
  <system-out/>
  <testcase classname="seleniumTestNG.ParameterSuiteLevel" name="prameterTestOne" time="0.009"/>
  <system-out/>
</testsuite> <!-- seleniumTestNG.ParameterSuiteLevel -->
