<?xml version="1.0" encoding="UTF-8"?>
<!-- Generated by org.testng.reporters.JUnitReportReporter -->
<testsuite hostname="DESKTOP-9RQ8PI1" failures="0" tests="1" name="seleniumTestPackage.RegisterationTest" time="1.688" errors="0" timestamp="2021-01-30T14:19:01 NZDT" skipped="0">
  <testcase classname="seleniumTestPackage.RegisterationTest" name="Registration" time="1.688"/>
  <system-out/>
</testsuite> <!-- seleniumTestPackage.RegisterationTest -->
