<?xml version="1.0" encoding="UTF-8"?>
<!-- Generated by org.testng.reporters.JUnitReportReporter -->
<testsuite hostname="DESKTOP-9RQ8PI1" failures="0" tests="4" name="seleniumTestNG.TestAttributes" time="25.315" errors="0" timestamp="2021-01-24T12:58:11 NZDT" skipped="0">
  <testcase classname="seleniumTestNG.TestAttributes" name="tearDown" time="0.961"/>
  <system-out/>
  <testcase classname="seleniumTestNG.TestAttributes" name="verifyLogin" time="5.846"/>
  <system-out/>
  <testcase classname="seleniumTestNG.TestAttributes" name="setUp" time="15.833"/>
  <system-out/>
  <testcase classname="seleniumTestNG.TestAttributes" name="verifyLogout" time="2.675"/>
  <system-out/>
</testsuite> <!-- seleniumTestNG.TestAttributes -->
