<?xml version="1.0" encoding="UTF-8"?>
<!-- Generated by org.testng.reporters.JUnitReportReporter -->
<testsuite hostname="DESKTOP-9RQ8PI1" failures="0" tests="1" name="seleniumTestPackage.LoginTest" time="2.030" errors="0" timestamp="2021-01-30T14:14:51 NZDT" skipped="0">
  <testcase classname="seleniumTestPackage.LoginTest" name="verifyLogin" time="2.030"/>
  <system-out/>
</testsuite> <!-- seleniumTestPackage.LoginTest -->
