<?xml version="1.0" encoding="UTF-8"?>
<!-- Generated by org.testng.reporters.JUnitReportReporter -->
<testsuite hostname="DESKTOP-9RQ8PI1" failures="0" tests="2" name="seleniumTestNG.Grouping" time="0.020" errors="0" timestamp="2021-01-24T13:13:03 NZDT" skipped="0">
  <testcase classname="seleniumTestNG.Grouping" name="search" time="0.018"/>
  <system-out/>
  <testcase classname="seleniumTestNG.Grouping" name="courseSelect" time="0.002"/>
  <system-out/>
</testsuite> <!-- seleniumTestNG.Grouping -->
