<?xml version="1.0" encoding="UTF-8"?>
<!-- Generated by org.testng.reporters.JUnitReportReporter -->
<testsuite hostname="DESKTOP-9RQ8PI1" failures="0" tests="1" name="testMethods.HomeTest" time="1.601" errors="0" timestamp="2021-01-24T15:23:06 NZDT" skipped="0">
  <testcase classname="testMethods.HomeTest" name="login" time="1.601"/>
  <system-out/>
</testsuite> <!-- testMethods.HomeTest -->
